2025-05-28 00:11:05,456 INFO o.a.j.u.JMeterUtils: Setting Locale to en_EN
2025-05-28 00:11:05,476 INFO o.a.j.JMeter: Loading user properties from: /opt/homebrew/Cellar/jmeter/5.6.3/libexec/bin/user.properties
2025-05-28 00:11:05,477 INFO o.a.j.JMeter: Loading system properties from: /opt/homebrew/Cellar/jmeter/5.6.3/libexec/bin/system.properties
2025-05-28 00:11:05,480 INFO o.a.j.JMeter: Copyright (c) 1998-2024 The Apache Software Foundation
2025-05-28 00:11:05,481 INFO o.a.j.JMeter: Version 5.6.3
2025-05-28 00:11:05,481 INFO o.a.j.JMeter: java.version=21.0.7
2025-05-28 00:11:05,481 INFO o.a.j.JMeter: java.vm.name=OpenJDK 64-Bit Server VM
2025-05-28 00:11:05,481 INFO o.a.j.JMeter: os.name=Mac OS X
2025-05-28 00:11:05,481 INFO o.a.j.JMeter: os.arch=aarch64
2025-05-28 00:11:05,481 INFO o.a.j.JMeter: os.version=15.3.1
2025-05-28 00:11:05,481 INFO o.a.j.JMeter: file.encoding=UTF-8
2025-05-28 00:11:05,481 INFO o.a.j.JMeter: java.awt.headless=null
2025-05-28 00:11:05,481 INFO o.a.j.JMeter: Max memory     =1073741824
2025-05-28 00:11:05,481 INFO o.a.j.JMeter: Available Processors =8
2025-05-28 00:11:05,489 INFO o.a.j.JMeter: Default Locale=English (EN)
2025-05-28 00:11:05,489 INFO o.a.j.JMeter: JMeter  Locale=English (EN)
2025-05-28 00:11:05,489 INFO o.a.j.JMeter: JMeterHome=/opt/homebrew/Cellar/jmeter/5.6.3/libexec
2025-05-28 00:11:05,489 INFO o.a.j.JMeter: user.dir  =/Users/andy/Documents/BarberiaWithBackend/BackendDj
2025-05-28 00:11:05,489 INFO o.a.j.JMeter: PWD       =/Users/andy/Documents/BarberiaWithBackend/BackendDj
2025-05-28 00:11:05,490 INFO o.a.j.JMeter: IP: 127.0.0.1 Name: Amenti.local FullName: localhost
2025-05-28 00:11:05,501 INFO o.a.j.JMeter: Loaded icon properties from org/apache/jmeter/images/icon.properties
2025-05-28 00:11:05,926 INFO o.a.j.JMeterGuiLauncher: Setting LAF to: com.github.weisj.darklaf.DarkLaf:com.github.weisj.darklaf.theme.DarculaTheme
2025-05-28 00:11:07,984 INFO o.a.j.r.ClassFinder: Will scan jar /opt/homebrew/Cellar/jmeter/5.6.3/libexec/lib/ext/jmeter-plugins-manager-1.9.jar with filter ExtendsClassFilter [parents=[interface org.apache.jmeter.gui.action.Command], inner=false, contains=null, notContains=null]. Consider exposing JMeter plugins via META-INF/services, and add JMeter-Skip-Class-Scanning=true manifest attribute so JMeter can skip classfile scanning
2025-05-28 00:11:08,124 INFO o.a.j.r.ClassFinder: Will scan jar /opt/homebrew/Cellar/jmeter/5.6.3/libexec/lib/ext/jmeter-plugins-manager-1.9.jar with filter ExtendsClassFilter [parents=[interface org.apache.jmeter.gui.plugin.MenuCreator], inner=false, contains=null, notContains=null]. Consider exposing JMeter plugins via META-INF/services, and add JMeter-Skip-Class-Scanning=true manifest attribute so JMeter can skip classfile scanning
2025-05-28 00:11:08,226 INFO o.j.r.JARSourceHTTP: Requesting https://jmeter-plugins.org/repo/?installID=mac_os_x-2cc5be890e505cbf821006b9411d5811-gui
2025-05-28 00:11:19,207 INFO o.j.r.PluginManager: Plugins Status: [jpgc-plugins-manager=1.9, jmeter-core=5.6.3, jmeter-ftp=5.6.3, jmeter-http=5.6.3, jmeter-jdbc=5.6.3, jmeter-jms=5.6.3, jmeter-junit=5.6.3, jmeter-java=5.6.3, jmeter-ldap=5.6.3, jmeter-mail=5.6.3, jmeter-mongodb=5.6.3, jmeter-native=5.6.3, jmeter-tcp=5.6.3, jmeter-components=5.6.3]
2025-05-28 00:11:19,208 INFO o.j.r.PluginManagerMenuItem: Plugins Manager has upgrades: [jpgc-plugins-manager]
